2021-10-15 15:19:59.693  INFO 13960 --- [main] SpringBootCoreDataJpaMvcRest1Application : Starting TimesheetSpringBootCoreDataJpaMvcRest1Application on DESKTOP-LHPHVH1 with PID 13960 (C:\Users\Admin\Documents\workspace-sts-3.9.4.RELEASE\devops\target\classes started by Admin in C:\Users\Admin\Documents\workspace-sts-3.9.4.RELEASE\devops)
2021-10-15 15:19:59.702  INFO 13960 --- [main] SpringBootCoreDataJpaMvcRest1Application : No active profile set, falling back to default profiles: default
2021-10-15 15:20:00.774  INFO 13960 --- [main] .s.d.r.c.RepositoryConfigurationDelegate : Bootstrapping Spring Data repositories in DEFAULT mode.
2021-10-15 15:20:00.924  INFO 13960 --- [main] .s.d.r.c.RepositoryConfigurationDelegate : Finished Spring Data repository scanning in 131ms. Found 6 repository interfaces.
2021-10-15 15:20:01.411  INFO 13960 --- [main] trationDelegate$BeanPostProcessorChecker : Bean 'org.springframework.transaction.annotation.ProxyTransactionManagementConfiguration' of type [org.springframework.transaction.annotation.ProxyTransactionManagementConfiguration$$EnhancerBySpringCGLIB$$6d66957a] is not eligible for getting processed by all BeanPostProcessors (for example: not eligible for auto-proxying)
2021-10-15 15:20:01.917  INFO 13960 --- [main] o.s.b.w.embedded.tomcat.TomcatWebServer  : Tomcat initialized with port(s): 8081 (http)
2021-10-15 15:20:01.946  INFO 13960 --- [main] o.apache.catalina.core.StandardService   : Starting service [Tomcat]
2021-10-15 15:20:01.947  INFO 13960 --- [main] org.apache.catalina.core.StandardEngine  : Starting Servlet engine: [Apache Tomcat/9.0.17]
2021-10-15 15:20:02.090  INFO 13960 --- [main] o.a.c.c.C.[.[localhost].[/SpringMVC]     : Initializing Spring embedded WebApplicationContext
2021-10-15 15:20:02.091  INFO 13960 --- [main] o.s.web.context.ContextLoader            : Root WebApplicationContext: initialization completed in 2335 ms
2021-10-15 15:20:02.324  INFO 13960 --- [main] com.zaxxer.hikari.HikariDataSource       : HikariPool-1 - Starting...
2021-10-15 15:20:03.023  INFO 13960 --- [main] com.zaxxer.hikari.HikariDataSource       : HikariPool-1 - Start completed.
2021-10-15 15:20:03.102  INFO 13960 --- [main] o.hibernate.jpa.internal.util.LogHelper  : HHH000204: Processing PersistenceUnitInfo [
	name: default
	...]
2021-10-15 15:20:03.243  INFO 13960 --- [main] org.hibernate.Version                    : HHH000412: Hibernate Core {5.3.9.Final}
2021-10-15 15:20:03.248  INFO 13960 --- [main] org.hibernate.cfg.Environment            : HHH000206: hibernate.properties not found
2021-10-15 15:20:03.524  INFO 13960 --- [main] o.hibernate.annotations.common.Version   : HCANN000001: Hibernate Commons Annotations {5.0.4.Final}
2021-10-15 15:20:03.733  INFO 13960 --- [main] org.hibernate.dialect.Dialect            : HHH000400: Using dialect: org.hibernate.dialect.MySQL5Dialect
2021-10-15 15:20:05.273  INFO 13960 --- [main] j.LocalContainerEntityManagerFactoryBean : Initialized JPA EntityManagerFactory for persistence unit 'default'
2021-10-15 15:20:05.666  INFO 13960 --- [main] o.h.h.i.QueryTranslatorFactoryInitiator  : HHH000397: Using ASTQueryTranslatorFactory
2021-10-15 15:20:06.279  INFO 13960 --- [main] o.s.s.concurrent.ThreadPoolTaskExecutor  : Initializing ExecutorService 'applicationTaskExecutor'
2021-10-15 15:20:06.339  WARN 13960 --- [main] aWebConfiguration$JpaWebMvcConfiguration : spring.jpa.open-in-view is enabled by default. Therefore, database queries may be performed during view rendering. Explicitly configure spring.jpa.open-in-view to disable this warning
2021-10-15 15:20:06.611  INFO 13960 --- [main] o.s.b.w.embedded.tomcat.TomcatWebServer  : Tomcat started on port(s): 8081 (http) with context path '/SpringMVC'
2021-10-15 15:20:06.613  INFO 13960 --- [main] SpringBootCoreDataJpaMvcRest1Application : Started TimesheetSpringBootCoreDataJpaMvcRest1Application in 7.486 seconds (JVM running for 8.624)
2021-10-15 16:13:39.902  INFO 13960 --- [RMI TCP Connection(2)-127.0.0.1] inMXBeanRegistrar$SpringApplicationAdmin : Application shutdown requested.
2021-10-15 16:13:40.067  INFO 13960 --- [RMI TCP Connection(2)-127.0.0.1] o.s.s.concurrent.ThreadPoolTaskExecutor  : Shutting down ExecutorService 'applicationTaskExecutor'
2021-10-15 16:13:40.084  INFO 13960 --- [RMI TCP Connection(2)-127.0.0.1] j.LocalContainerEntityManagerFactoryBean : Closing JPA EntityManagerFactory for persistence unit 'default'
2021-10-15 16:13:40.145  INFO 13960 --- [RMI TCP Connection(2)-127.0.0.1] com.zaxxer.hikari.HikariDataSource       : HikariPool-1 - Shutdown initiated...
2021-10-15 16:13:40.182  INFO 13960 --- [RMI TCP Connection(2)-127.0.0.1] com.zaxxer.hikari.HikariDataSource       : HikariPool-1 - Shutdown completed.
